<?xml version="1.0" encoding="UTF-8"?>
<!-- Generated by org.testng.reporters.JUnitXMLReporter -->
<testsuite ignored="0" hostname="INNA017KEA" failures="1" tests="1" name="Default test" time="5.98" errors="0" timestamp="2026-01-05T02:08:34 IST">
  <testcase classname="io.cucumber.testng.AbstractTestNGCucumberTests" name="runScenario" time="4.649">
    <failure type="io.cucumber.testng.UndefinedStepException" message="The step &amp;apos;User launches amazon and clicks on Mobile Tab&amp;apos; and 3 other step(s) are undefined.
You can implement these steps using the snippet(s) below:

@Given(&amp;quot;User launches amazon and clicks on Mobile Tab&amp;quot;)
public void user_launches_amazon_and_clicks_on_mobile_tab() {
    // Write code here that turns the phrase above into concrete actions
    throw new io.cucumber.java.PendingException();
}
@Given(&amp;quot;User filters New Mobile and range&amp;quot;)
public void user_filters_new_mobile_and_range() {
    // Write code here that turns the phrase above into concrete actions
    throw new io.cucumber.java.PendingException();
}
@When(&amp;quot;User hovers over Mobile Tab and navigate to Link&amp;quot;)
public void user_hovers_over_mobile_tab_and_navigate_to_link() {
    // Write code here that turns the phrase above into concrete actions
    throw new io.cucumber.java.PendingException();
}
@Then(&amp;quot;User clicks on see all Mobiles&amp;quot;)
public void user_clicks_on_see_all_mobiles() {
    // Write code here that turns the phrase above into concrete actions
    throw new io.cucumber.java.PendingException();
}
">
      <![CDATA[io.cucumber.testng.UndefinedStepException: The step 'User launches amazon and clicks on Mobile Tab' and 3 other step(s) are undefined.
You can implement these steps using the snippet(s) below:

@Given("User launches amazon and clicks on Mobile Tab")
public void user_launches_amazon_and_clicks_on_mobile_tab() {
    // Write code here that turns the phrase above into concrete actions
    throw new io.cucumber.java.PendingException();
}
@Given("User filters New Mobile and range")
public void user_filters_new_mobile_and_range() {
    // Write code here that turns the phrase above into concrete actions
    throw new io.cucumber.java.PendingException();
}
@When("User hovers over Mobile Tab and navigate to Link")
public void user_hovers_over_mobile_tab_and_navigate_to_link() {
    // Write code here that turns the phrase above into concrete actions
    throw new io.cucumber.java.PendingException();
}
@Then("User clicks on see all Mobiles")
public void user_clicks_on_see_all_mobiles() {
    // Write code here that turns the phrase above into concrete actions
    throw new io.cucumber.java.PendingException();
}

at ✽.User launches amazon and clicks on Mobile Tab(file:///C:/Users/j712/eclipse-workspace/com.AmazonTests/src/test/resources/featurefiles/Exploratory/AmazonMobile.feature:10)
]]>
    </failure>
  </testcase> <!-- runScenario -->
</testsuite> <!-- Default test -->
