<?xml version="1.0" encoding="UTF-8"?>
<!-- Generated by org.testng.reporters.JUnitXMLReporter -->
<testsuite ignored="0" hostname="INNA017KEA" failures="0" tests="7" name="Default test" time="13.465" errors="0" timestamp="2025-12-20T18:19:12 IST">
  <testcase classname="AmazonTests.TestAmazonHome" name="launchAmazon" time="12.151"/>
  <testcase classname="AmazonTests.TestAmazonHome" name="assertTitle" time="0.221"/>
  <testcase classname="AmazonTests.TestAmazonHome" name="validateCarsBikesLink" time="0.079"/>
  <testcase classname="AmazonTests.TestAmazonHome" name="validatechangeLanguage" time="0.0"/>
  <testcase classname="AmazonTests.TestAmazonHome" name="validateSearch" time="0.003"/>
  <testcase classname="AmazonTests.TestAmazonHome" name="validateTopContainer" time="0.0"/>
  <testcase classname="AmazonTests.TestAmazonHome" name="validateBottomCarousel" time="0.003"/>
</testsuite> <!-- Default test -->
