<?xml version="1.0" encoding="UTF-8"?>
<!-- Generated by org.testng.reporters.JUnitXMLReporter -->
<testsuite ignored="0" hostname="INNA017KEA" failures="0" tests="6" name="Amazon Test 3" time="17.709" errors="0" timestamp="2026-01-02T01:30:57 IST">
  <testcase classname="AmazonTests.TestAmazonHome" name="launchAmazon" time="3.571"/>
  <testcase classname="AmazonTests.TestAmazonHome" name="validateCarsBikesLink" time="0.447"/>
  <testcase classname="AmazonTests.TestAmazonHome" name="validatechangeLanguage" time="0.0"/>
  <testcase classname="AmazonTests.TestAmazonHome" name="validateSearch" time="0.002"/>
  <testcase classname="AmazonTests.TestAmazonHome" name="validateTopContainer" time="0.006"/>
  <testcase classname="AmazonTests.TestAmazonHome" name="validateBottomCarousel" time="0.0"/>
</testsuite> <!-- Amazon Test 3 -->
