<?xml version="1.0" encoding="UTF-8"?>
<!-- Generated by org.testng.reporters.JUnitXMLReporter -->
<testsuite ignored="0" hostname="INNA017KEA" failures="0" tests="4" name="Mobile Test" time="30.281" errors="0" timestamp="2025-12-31T00:20:41 IST">
  <testcase classname="AmazonTests.TestAmazonMobile" name="clickAndOpenMobile" time="6.654"/>
  <testcase classname="AmazonTests.TestAmazonMobile" name="filterNewMobileAndRange" time="3.955"/>
  <testcase classname="AmazonTests.TestAmazonMobile" name="hoverMobileTab" time="3.686"/>
  <testcase classname="AmazonTests.TestAmazonMobile" name="seeAllMobile" time="3.107"/>
</testsuite> <!-- Mobile Test -->
