<?xml version="1.0" encoding="UTF-8"?>
<!-- Generated by org.testng.reporters.JUnitXMLReporter -->
<testsuite ignored="0" hostname="INNA017KEA" failures="0" tests="7" name="TestAmazonMobile" time="35.48" errors="0" timestamp="2026-01-05T01:56:09 IST">
  <testcase classname="AmazonTests.TestAmazonMobile" name="clickAndOpenMobile" time="10.135"/>
  <testcase classname="AmazonTests.TestAmazonMobile" name="filterNewMobileAndRange" time="3.405"/>
  <testcase classname="AmazonTests.TestAmazonMobile" name="hoverMobileTab" time="3.419"/>
  <testcase classname="AmazonTests.TestAmazonMobile" name="seeAllMobile" time="3.413"/>
  <testcase classname="AmazonTests.TestAmazonMobile" name="testCreateAccount" time="4.137"/>
  <testcase classname="AmazonTests.TestAmazonMobile" name="testCreateAccount" time="2.887"/>
  <testcase classname="AmazonTests.TestAmazonMobile" name="enterZipCode" time="0.621"/>
</testsuite> <!-- TestAmazonMobile -->
