<?xml version="1.0" encoding="UTF-8"?>
<!-- Generated by org.testng.reporters.JUnitXMLReporter -->
<testsuite ignored="0" hostname="INNA017KEA" failures="0" tests="5" name="TestAmazonMobile1" time="37.529" errors="0" timestamp="2026-01-03T00:24:29 IST">
  <testcase classname="AmazonTests.TestAmazonMobile" name="clickAndOpenMobile" time="12.841"/>
  <testcase classname="AmazonTests.TestAmazonMobile" name="filterNewMobileAndRange" time="4.061"/>
  <testcase classname="AmazonTests.TestAmazonMobile" name="hoverMobileTab" time="4.253"/>
  <testcase classname="AmazonTests.TestAmazonMobile" name="hoverMobileTab" time="2.814"/>
  <testcase classname="AmazonTests.TestAmazonMobile" name="seeAllMobile" time="3.236"/>
</testsuite> <!-- TestAmazonMobile1 -->
