<?xml version="1.0" encoding="UTF-8"?>
<testng-results ignored="0" total="5" passed="5" failed="0" skipped="0">
  <reporter-output>
  </reporter-output>
  <suite started-at="2026-01-03T14:50:52 IST" name="Default suite" finished-at="2026-01-03T14:51:27 IST" duration-ms="35090">
    <groups>
      <group name="MobileSearch">
        <method signature="TestAmazonMobile.seeAllMobile()[pri:4, instance:AmazonTests.TestAmazonMobile@ba2f4ec]" name="seeAllMobile" class="AmazonTests.TestAmazonMobile"/>
      </group> <!-- MobileSearch -->
      <group name="Mobiles">
        <method signature="TestAmazonMobile.clickAndOpenMobile()[pri:1, instance:AmazonTests.TestAmazonMobile@ba2f4ec]" name="clickAndOpenMobile" class="AmazonTests.TestAmazonMobile"/>
        <method signature="TestAmazonMobile.filterNewMobileAndRange()[pri:2, instance:AmazonTests.TestAmazonMobile@ba2f4ec]" name="filterNewMobileAndRange" class="AmazonTests.TestAmazonMobile"/>
        <method signature="TestAmazonMobile.hoverMobileTab()[pri:3, instance:AmazonTests.TestAmazonMobile@ba2f4ec]" name="hoverMobileTab" class="AmazonTests.TestAmazonMobile"/>
        <method signature="TestAmazonMobile.seeAllMobile()[pri:4, instance:AmazonTests.TestAmazonMobile@ba2f4ec]" name="seeAllMobile" class="AmazonTests.TestAmazonMobile"/>
      </group> <!-- Mobiles -->
    </groups>
    <test started-at="2026-01-03T14:50:52 IST" name="Default test" finished-at="2026-01-03T14:51:27 IST" duration-ms="35090">
      <class name="AmazonTests.TestAmazonMobile">
        <test-method is-config="true" signature="setUp()[pri:0, instance:AmazonTests.TestAmazonMobile@ba2f4ec]" started-at="2026-01-03T14:50:52 IST" name="setUp" finished-at="2026-01-03T14:50:58 IST" duration-ms="6303" status="PASS">
          <reporter-output>
          </reporter-output>
        </test-method> <!-- setUp -->
        <test-method signature="clickAndOpenMobile()[pri:1, instance:AmazonTests.TestAmazonMobile@ba2f4ec]" started-at="2026-01-03T14:50:58 IST" name="clickAndOpenMobile" finished-at="2026-01-03T14:51:11 IST" duration-ms="12431" status="PASS">
          <reporter-output>
          </reporter-output>
        </test-method> <!-- clickAndOpenMobile -->
        <test-method signature="filterNewMobileAndRange()[pri:2, instance:AmazonTests.TestAmazonMobile@ba2f4ec]" started-at="2026-01-03T14:51:11 IST" name="filterNewMobileAndRange" finished-at="2026-01-03T14:51:15 IST" duration-ms="3874" status="PASS">
          <reporter-output>
          </reporter-output>
        </test-method> <!-- filterNewMobileAndRange -->
        <test-method signature="hoverMobileTab()[pri:3, instance:AmazonTests.TestAmazonMobile@ba2f4ec]" started-at="2026-01-03T14:51:16 IST" name="hoverMobileTab" finished-at="2026-01-03T14:51:19 IST" duration-ms="3632" status="PASS">
          <reporter-output>
          </reporter-output>
        </test-method> <!-- hoverMobileTab -->
        <test-method signature="hoverMobileTab()[pri:3, instance:AmazonTests.TestAmazonMobile@ba2f4ec]" started-at="2026-01-03T14:51:20 IST" name="hoverMobileTab" finished-at="2026-01-03T14:51:23 IST" duration-ms="2676" status="PASS">
          <reporter-output>
          </reporter-output>
        </test-method> <!-- hoverMobileTab -->
        <test-method signature="seeAllMobile()[pri:4, instance:AmazonTests.TestAmazonMobile@ba2f4ec]" started-at="2026-01-03T14:51:23 IST" name="seeAllMobile" finished-at="2026-01-03T14:51:27 IST" duration-ms="3414" status="PASS">
          <reporter-output>
          </reporter-output>
        </test-method> <!-- seeAllMobile -->
      </class> <!-- AmazonTests.TestAmazonMobile -->
    </test> <!-- Default test -->
  </suite> <!-- Default suite -->
</testng-results>
