<?xml version="1.0" encoding="UTF-8"?>
<!-- Generated by org.testng.reporters.JUnitReportReporter -->
<testsuite hostname="INNA017KEA" failures="0" tests="7" name="AmazonTests.TestAmazonMobile" time="28.017" errors="0" timestamp="2026-01-05T01:56:10 IST" skipped="0">
  <testcase classname="AmazonTests.TestAmazonMobile" name="clickAndOpenMobile" time="10.135"/>
  <system-out/>
  <testcase classname="AmazonTests.TestAmazonMobile" name="filterNewMobileAndRange" time="3.405"/>
  <system-out/>
  <testcase classname="AmazonTests.TestAmazonMobile" name="hoverMobileTab" time="3.419"/>
  <system-out/>
  <testcase classname="AmazonTests.TestAmazonMobile" name="seeAllMobile" time="3.413"/>
  <system-out/>
  <testcase classname="AmazonTests.TestAmazonMobile" name="testCreateAccount" time="2.887"/>
  <system-out/>
  <testcase classname="AmazonTests.TestAmazonMobile" name="testCreateAccount" time="4.137"/>
  <system-out/>
  <testcase classname="AmazonTests.TestAmazonMobile" name="enterZipCode" time="0.621"/>
  <system-out/>
</testsuite> <!-- AmazonTests.TestAmazonMobile -->
