<?xml version="1.0" encoding="UTF-8"?>
<!-- Generated by org.testng.reporters.JUnitReportReporter -->
<testsuite hostname="INNA017KEA" failures="0" tests="7" name="AmazonTests.TestAmazonHome" time="12.457" errors="0" timestamp="2025-12-20T18:19:13 IST" skipped="0">
  <testcase classname="AmazonTests.TestAmazonHome" name="launchAmazon" time="12.151"/>
  <system-out/>
  <testcase classname="AmazonTests.TestAmazonHome" name="assertTitle" time="0.221"/>
  <system-out/>
  <testcase classname="AmazonTests.TestAmazonHome" name="validateCarsBikesLink" time="0.079"/>
  <system-out/>
  <testcase classname="AmazonTests.TestAmazonHome" name="validatechangeLanguage" time="0.000"/>
  <system-out/>
  <testcase classname="AmazonTests.TestAmazonHome" name="validateSearch" time="0.003"/>
  <system-out/>
  <testcase classname="AmazonTests.TestAmazonHome" name="validateTopContainer" time="0.000"/>
  <system-out/>
  <testcase classname="AmazonTests.TestAmazonHome" name="validateBottomCarousel" time="0.003"/>
  <system-out/>
</testsuite> <!-- AmazonTests.TestAmazonHome -->
