<?xml version="1.0" encoding="UTF-8"?>
<!-- Generated by org.testng.reporters.JUnitReportReporter -->
<testsuite hostname="INNA017KEA" failures="0" tests="12" name="AmazonTests.TestAmazonHome" time="7.072" errors="0" timestamp="2026-01-02T02:07:30 IST" skipped="0">
  <testcase classname="AmazonTests.TestAmazonHome" name="launchAmazon" time="3.470"/>
  <system-out/>
  <testcase classname="AmazonTests.TestAmazonHome" name="launchAmazon" time="3.161"/>
  <system-out/>
  <testcase classname="AmazonTests.TestAmazonHome" name="validateCarsBikesLink" time="0.298"/>
  <system-out/>
  <testcase classname="AmazonTests.TestAmazonHome" name="validateCarsBikesLink" time="0.132"/>
  <system-out/>
  <testcase classname="AmazonTests.TestAmazonHome" name="validatechangeLanguage" time="0.003"/>
  <system-out/>
  <testcase classname="AmazonTests.TestAmazonHome" name="validatechangeLanguage" time="0.001"/>
  <system-out/>
  <testcase classname="AmazonTests.TestAmazonHome" name="validateSearch" time="0.003"/>
  <system-out/>
  <testcase classname="AmazonTests.TestAmazonHome" name="validateSearch" time="0.002"/>
  <system-out/>
  <testcase classname="AmazonTests.TestAmazonHome" name="validateTopContainer" time="0.001"/>
  <system-out/>
  <testcase classname="AmazonTests.TestAmazonHome" name="validateTopContainer" time="0.000"/>
  <system-out/>
  <testcase classname="AmazonTests.TestAmazonHome" name="validateBottomCarousel" time="0.001"/>
  <system-out/>
  <testcase classname="AmazonTests.TestAmazonHome" name="validateBottomCarousel" time="0.000"/>
  <system-out/>
</testsuite> <!-- AmazonTests.TestAmazonHome -->
