<?xml version="1.0" encoding="UTF-8"?>
<!-- Generated by org.testng.reporters.JUnitReportReporter -->
<testsuite hostname="INNA017KEA" failures="0" tests="1" name="cucumberrunner.TestNGRunner" time="4.649" errors="1" timestamp="2026-01-05T02:08:35 IST" skipped="0">
  <testcase classname="cucumberrunner.TestNGRunner" name="runScenario" time="4.649">
    <error message="The step &#039;User launches amazon and clicks on Mobile Tab&#039; and 3 other step(s) are undefined.
You can implement these steps using the snippet(s) below:

@Given(&quot;User launches amazon and clicks on Mobile Tab&quot;)
public void user_launches_amazon_and_clicks_on_mobile_tab() {
    // Write code here that turns the phrase above into concrete actions
    throw new io.cucumber.java.PendingException();
}
@Given(&quot;User filters New Mobile and range&quot;)
public void user_filters_new_mobile_and_range() {
    // Write code here that turns the phrase above into concrete actions
    throw new io.cucumber.java.PendingException();
}
@When(&quot;User hovers over Mobile Tab and navigate to Link&quot;)
public void user_hovers_over_mobile_tab_and_navigate_to_link() {
    // Write code here that turns the phrase above into concrete actions
    throw new io.cucumber.java.PendingException();
}
@Then(&quot;User clicks on see all Mobiles&quot;)
public void user_clicks_on_see_all_mobiles() {
    // Write code here that turns the phrase above into concrete actions
    throw new io.cucumber.java.PendingException();
}
" type="io.cucumber.testng.UndefinedStepException">
      <![CDATA[io.cucumber.testng.UndefinedStepException: The step 'User launches amazon and clicks on Mobile Tab' and 3 other step(s) are undefined.
You can implement these steps using the snippet(s) below:

@Given("User launches amazon and clicks on Mobile Tab")
public void user_launches_amazon_and_clicks_on_mobile_tab() {
    // Write code here that turns the phrase above into concrete actions
    throw new io.cucumber.java.PendingException();
}
@Given("User filters New Mobile and range")
public void user_filters_new_mobile_and_range() {
    // Write code here that turns the phrase above into concrete actions
    throw new io.cucumber.java.PendingException();
}
@When("User hovers over Mobile Tab and navigate to Link")
public void user_hovers_over_mobile_tab_and_navigate_to_link() {
    // Write code here that turns the phrase above into concrete actions
    throw new io.cucumber.java.PendingException();
}
@Then("User clicks on see all Mobiles")
public void user_clicks_on_see_all_mobiles() {
    // Write code here that turns the phrase above into concrete actions
    throw new io.cucumber.java.PendingException();
}

at âœ½.User launches amazon and clicks on Mobile Tab(file:///C:/Users/j712/eclipse-workspace/com.AmazonTests/src/test/resources/featurefiles/Exploratory/AmazonMobile.feature:10)
]]>
    </error>
  </testcase> <!-- runScenario -->
  <system-out/>
</testsuite> <!-- cucumberrunner.TestNGRunner -->
