<?xml version="1.0" encoding="UTF-8"?>
<!-- Generated by org.testng.reporters.JUnitReportReporter -->
<testsuite hostname="INNA017KEA" failures="0" tests="5" name="AmazonTests.TestAmazonMobile" time="26.027" errors="0" timestamp="2026-01-03T14:51:27 IST" skipped="0">
  <testcase classname="AmazonTests.TestAmazonMobile" name="clickAndOpenMobile" time="12.431"/>
  <system-out/>
  <testcase classname="AmazonTests.TestAmazonMobile" name="filterNewMobileAndRange" time="3.874"/>
  <system-out/>
  <testcase classname="AmazonTests.TestAmazonMobile" name="hoverMobileTab" time="2.676"/>
  <system-out/>
  <testcase classname="AmazonTests.TestAmazonMobile" name="hoverMobileTab" time="3.632"/>
  <system-out/>
  <testcase classname="AmazonTests.TestAmazonMobile" name="seeAllMobile" time="3.414"/>
  <system-out/>
</testsuite> <!-- AmazonTests.TestAmazonMobile -->
