<?xml version="1.0" encoding="UTF-8"?>
<!-- Generated by org.testng.reporters.JUnitReportReporter -->
<testsuite hostname="INNA017KEA" failures="0" tests="2" name="AmazonTests.TestJqueryui" time="1.878" errors="0" timestamp="2025-12-20T01:43:00 IST" skipped="0">
  <testcase classname="AmazonTests.TestJqueryui" name="clickToDestination" time="1.877"/>
  <system-out/>
  <testcase classname="AmazonTests.TestJqueryui" name="tearDown" time="0.001"/>
  <system-out/>
</testsuite> <!-- AmazonTests.TestJqueryui -->
