<?xml version="1.0" encoding="UTF-8"?>
<!-- Generated by org.testng.reporters.JUnitReportReporter -->
<testsuite hostname="INNA017KEA" failures="0" tests="7" name="AmazonTests.TestAmazonHome" time="13.195" errors="0" timestamp="2025-12-20T01:43:00 IST" skipped="0">
  <testcase classname="AmazonTests.TestAmazonHome" name="launchAmazon" time="12.530"/>
  <system-out/>
  <testcase classname="AmazonTests.TestAmazonHome" name="assertTitle" time="0.530"/>
  <system-out/>
  <testcase classname="AmazonTests.TestAmazonHome" name="validateCarsBikesLink" time="0.132"/>
  <system-out/>
  <testcase classname="AmazonTests.TestAmazonHome" name="validatechangeLanguage" time="0.001"/>
  <system-out/>
  <testcase classname="AmazonTests.TestAmazonHome" name="validateSearch" time="0.000"/>
  <system-out/>
  <testcase classname="AmazonTests.TestAmazonHome" name="validateTopContainer" time="0.000"/>
  <system-out/>
  <testcase classname="AmazonTests.TestAmazonHome" name="validateBottomCarousel" time="0.002"/>
  <system-out/>
</testsuite> <!-- AmazonTests.TestAmazonHome -->
